06.11.2020 10:00 Запрошено имя "RSHB"
06.11.2020 10:03 Запрошено имя "RSHB"
06.11.2020 10:03 -----------------------------ЗАВЕРШЕНИЕ-----------------------------
06.11.2020 10:05 Запрошено имя "GAG"
06.11.2020 10:06 -----------------------------ЗАВЕРШЕНИЕ-----------------------------
16.11.2020 10:56 Запрошено имя "SPORT"
16.11.2020 10:57 Запрошен номер 518
16.11.2020 10:57 Найдено 518 MM-SPORTFORUM
16.11.2020 10:57 У магазина 518 удален HostName MM-SPORTFORUM
16.11.2020 10:57 Запрошено имя "INFIN"
16.11.2020 10:57 Запрошен номер 593
16.11.2020 10:57 Найдено 593 MM-INFINTRAST
16.11.2020 10:57 У магазина 593 удален HostName MM-INFINTRAST
16.11.2020 10:57 -----------------------------ЗАВЕРШЕНИЕ-----------------------------
16.11.2020 11:12 -----------------------------ЗАВЕРШЕНИЕ-----------------------------
18.11.2020 10:44 Запрошено имя "TELE"
18.11.2020 10:45 Запрошено имя "TELE"
18.11.2020 10:46 Запрошено имя "YOTA"
18.11.2020 10:46 Запрошен номер 166
18.11.2020 10:46 Найдено 166 MM-YOTA
18.11.2020 10:46 У магазина 166 удален HostName MM-YOTA
18.11.2020 10:46 Запрос для проверки в базе: 
18.11.2020 10:46 SELECT [Id], [ShopId], [HostName], [Errors], [SoftwareVersion], [SyncAlgorithm], [SerialNumber], [Location\], [AppConfigId], [AppConfigTimestamp] FROM [uMarketOnline].[dbo].[Terminals] where ShopId = 166
18.11.2020 10:46 Запрошено имя "SOGAZ"
18.11.2020 10:48 Запрошен номер 557
18.11.2020 10:48 Найдено 557 MM-SOGAZ-UPORT
18.11.2020 10:48 У магазина 557 удален HostName MM-SOGAZ-UPORT
18.11.2020 10:48 Запрос для проверки в базе: 
18.11.2020 10:48 SELECT [Id], [ShopId], [HostName], [Errors], [SoftwareVersion], [SyncAlgorithm], [SerialNumber], [Location\], [AppConfigId], [AppConfigTimestamp] FROM [uMarketOnline].[dbo].[Terminals] where ShopId = 557
18.11.2020 10:48 Запрошено имя "TEL"
18.11.2020 10:49 Запрошен номер 315
18.11.2020 10:49 Найдено 315 MM-TEL-EXPRESS
18.11.2020 10:49 У магазина 315 удален HostName MM-TEL-EXPRESS
18.11.2020 10:49 Запрос для проверки в базе: 
18.11.2020 10:49 SELECT [Id], [ShopId], [HostName], [Errors], [SoftwareVersion], [SyncAlgorithm], [SerialNumber], [Location\], [AppConfigId], [AppConfigTimestamp] FROM [uMarketOnline].[dbo].[Terminals] where ShopId = 315
18.11.2020 10:49 -----------------------------ЗАВЕРШЕНИЕ-----------------------------
18.11.2020 11:35 Запрошено имя "TRANS"
18.11.2020 11:35 Запрошено имя "TAT"
18.11.2020 13:43 -----------------------------ЗАВЕРШЕНИЕ-----------------------------
18.11.2020 16:10 Запрошено имя "RSHB"
18.11.2020 16:20 -----------------------------ЗАВЕРШЕНИЕ-----------------------------
26.01.2021 10:45 -----------------------------ЗАВЕРШЕНИЕ-----------------------------
04.02.2021 11:57 Тест логгера
04.02.2021 11:57 -----------------------------ЗАВЕРШЕНИЕ-----------------------------
04.02.2021 12:11 Тест метода find()
04.02.2021 12:11 Запрошено имя "RSHB"
04.02.2021 12:12 Тест метода find()
04.02.2021 12:12 -----------------------------ЗАВЕРШЕНИЕ-----------------------------
04.02.2021 12:14 Тест метода find()
04.02.2021 12:14 Запрошено имя "RSHB"
04.02.2021 12:15 Тест метода find()
04.02.2021 12:15 Запрошено имя "RSHB"
04.02.2021 13:15 Запрошено: "RSHB"
04.02.2021 13:19 Запрошено: "RSHB"
04.02.2021 13:23 Запрошено: "RSHB"
04.02.2021 13:26 Запрошено: "RSHB"
04.02.2021 13:26 Запрошено: "RSHB"
04.02.2021 13:45 Запрошено: "RSHB"
04.02.2021 13:46 Запрошено: "RDHB"
04.02.2021 13:51 Запрошено: "RSDB"
04.02.2021 13:51 Запрошено: "DFGH"
04.02.2021 13:51 Запрошено: "RSHB"
04.02.2021 13:51 Запрошено: "1"
04.02.2021 13:52 Запрошено: "QWER"
04.02.2021 13:52 Запрошено: "WER"
04.02.2021 13:52 Запрошено: "FGT"
04.02.2021 13:52 Запрошено: "FSK"
04.02.2021 13:52 Запрошено: "3"
04.02.2021 13:52 Запрошено: "RSHB"
04.02.2021 13:55 Запрошено: "RSHB"
04.02.2021 13:56 Запрошено: "RSHB"
04.02.2021 13:56 Запрошено: "224"
04.02.2021 13:56 Запрошено: "RSHB"
04.02.2021 13:58 Запрошено: "RSHB"
04.02.2021 13:59 Запрошено: "RSHB"
04.02.2021 14:00 Запрошено: "RSHB"
04.02.2021 14:00 Запрошено: "RSHB"
04.02.2021 14:01 Запрошено: "RSHB"
04.02.2021 14:02 Запрошено: "RSHB"
04.02.2021 14:03 Запрошено: "RSHB"
04.02.2021 14:04 Запрошено: "RSHB"
04.02.2021 14:05 Запрошено: "RSHB"
04.02.2021 14:09 Запрошено: "RSHB"
04.02.2021 14:09 Запрошено: "RSHB"
04.02.2021 14:10 Запрошено: "RSHB"
04.02.2021 14:12 Запрошено: "RSHB"
04.02.2021 14:15 Запрошено: "RSHB"
04.02.2021 14:16 Запрошено: "RSHB"
04.02.2021 14:18 Запрошено: "RSHB"
04.02.2021 14:18 Запрошено: "РВИР"
04.02.2021 14:18 Запрошено: "RSHB"
04.02.2021 14:21 Запрошено: "RSHB"
